----
  UNHANDLED REJECTION
  ----
  Unhandled Rejection at: [object Promise]
  Reason: Error: Oops!
  
----
  ERROR
  ---- Sun Jun 06 2021 21:32:09 GMT+0300 (Moscow Standard Time)
    GET: /boards/f4a5d0de-ac8b-443c-8022-2de8632c889e
    Query-params: {}
    Body: {}
    Error: {"status":404}
    
----
  ERROR
  ---- Sun Jun 06 2021 21:32:09 GMT+0300 (Moscow Standard Time)
    GET: /boards/9722e6ec-efea-458f-9aa9-818ed6856257/tasks/7c2e7739-208b-4ba2-8389-0214165e0987
    Query-params: {}
    Body: {}
    Error: {"status":404}
    
----
  ERROR
  ---- Sun Jun 06 2021 21:32:09 GMT+0300 (Moscow Standard Time)
    GET: /boards/9722e6ec-efea-458f-9aa9-818ed6856257/tasks/c1b4c957-faa1-40d5-8816-27cc737dd1cd
    Query-params: {}
    Body: {}
    Error: {"status":404}
    
----
  ERROR
  ---- Sun Jun 06 2021 21:32:09 GMT+0300 (Moscow Standard Time)
    GET: /boards/9722e6ec-efea-458f-9aa9-818ed6856257/tasks/ceec9ab0-b356-44e4-881a-c9180d700da7
    Query-params: {}
    Body: {}
    Error: {"status":404}
    
----
  ERROR
  ---- Sun Jun 06 2021 21:32:09 GMT+0300 (Moscow Standard Time)
    GET: /boards/9722e6ec-efea-458f-9aa9-818ed6856257/tasks/b1011d41-ca04-4264-a62b-912ad7520fa1
    Query-params: {}
    Body: {}
    Error: {"status":404}
    
----
  ERROR
  ---- Sun Jun 06 2021 21:32:09 GMT+0300 (Moscow Standard Time)
    GET: /boards/9722e6ec-efea-458f-9aa9-818ed6856257/tasks/9b84c33c-6381-4828-a20d-12561b7231b3
    Query-params: {}
    Body: {}
    Error: {"status":404}
    
----
  ERROR
  ---- Sun Jun 06 2021 21:32:10 GMT+0300 (Moscow Standard Time)
    GET: /boards/339cf211-bf4d-4fc6-9624-0a161a11c66a/tasks/4fb36ae1-4907-4320-b13f-7ebdff33164a
    Query-params: {}
    Body: {}
    Error: {"status":404}
    
